<?xml version="1.0" encoding="UTF-8"?>
<!-- Generated by org.testng.reporters.JUnitReportReporter -->
<testsuite skipped="0" hostname="B15-IT-C22642" name="Maven.Selenium_Maven_Start.FirstProg" tests="2" failures="0" timestamp="09 Mar 2020 15:45:29 GMT" time="0.012" errors="0">
  <testcase name="f" time="0.008" classname="Maven.Selenium_Maven_Start.FirstProg"/>
  <testcase name="f" time="0.004" classname="Maven.Selenium_Maven_Start.FirstProg"/>
</testsuite> <!-- Maven.Selenium_Maven_Start.FirstProg -->
