<?xml version="1.0" encoding="UTF-8"?>
<!-- Generated by org.testng.reporters.JUnitReportReporter -->
<testsuite skipped="0" hostname="B15-IT-C22642" name="SRF.NewRequest" tests="1" failures="0" timestamp="25 Mar 2020 06:08:02 GMT" time="0.363" errors="0">
  <testcase name="SingleInputField" time="0.363" classname="SRF.NewRequest"/>
</testsuite> <!-- SRF.NewRequest -->
